[2018-05-23 23:32:22] Configuration file saved.
[2018-05-23 23:32:49] Configuration file saved.
[2018-05-23 23:32:52] Error updating domain name.
[2018-05-23 23:33:00] Configuration file saved.
[2018-05-23 23:33:00] Error updating domain name.
[2018-05-23 23:33:12] Error updating domain name.
[2018-05-23 23:33:15] Configuration file saved.
[2018-05-23 23:33:16] Error updating domain name.
[2018-05-23 23:34:08] Configuration file saved.
[2018-05-23 23:35:08] Error updating domain name.
[2018-05-23 23:36:03] Error updating domain name.
[2018-05-24 00:22:38] Service started.
[2018-05-24 00:22:44] Service stopped.
[2018-05-24 00:23:03] Service started.
[2018-05-24 00:24:04] Error updating domain name.
[2018-05-24 00:24:32] Service stopped.
[2018-05-24 11:47:29] Service started.
[2018-05-24 11:47:48] Service stopped.
[2018-05-24 11:49:43] Service started.
[2018-05-24 11:50:07] Service stopped.
[2018-05-24 11:50:33] Error updating domain name.
[2018-05-24 11:50:52] Service started.
[2018-05-24 11:51:14] Service stopped.
[2018-05-24 11:51:31] Error updating domain name.
[2018-05-24 11:52:00] Service started.
[2018-05-24 11:52:31] Service stopped.
[2018-05-24 11:52:32] Error updating domain name.
[2018-05-24 11:53:03] Service started.
[2018-05-24 11:53:44] Error updating domain name.
[2018-05-24 11:54:12] Service stopped.
[2018-05-24 11:54:32] Error updating domain name.
[2018-05-24 13:34:47] Service started.
[2018-05-24 13:35:03] Service stopped.
[2018-05-24 13:38:16] Service started.
[2018-05-24 13:38:39] Service stopped.
[2018-05-24 13:40:14] Service started.
[2018-05-24 13:40:59] Service stopped.
[2018-05-24 13:41:02] Error updating domain name.
[2018-05-24 13:52:08] Service started.
[2018-05-24 13:52:24] Service stopped.
[2018-05-24 13:53:11] Service started.
[2018-05-24 13:53:27] Service stopped.
[2018-05-24 13:54:09] Service started.
[2018-05-24 13:54:25] Service stopped.
[2018-05-24 13:55:17] Service started.
[2018-05-24 13:55:22] Service stopped.
[2018-05-24 13:55:22] Service started.
[2018-05-24 13:55:28] Service stopped.
[2018-05-24 13:56:52] Service uninstalled.
[2018-05-24 13:56:53] Service started.
[2018-05-24 13:56:59] Service stopped.
[2018-05-24 13:56:59] Service started.
[2018-05-24 13:57:10] Service stopped.
[2018-05-24 13:57:11] Service uninstalled.
